2024-12-28 10:01:48,077 - routes.notificaciones - ERROR - Error en monitor_updates: Working outside of application context.

This typically means that you attempted to use functionality that needed
the current application. To solve this, set up an application context
with app.app_context(). See the documentation for more information.
2024-12-28 10:01:48,078 - routes.notificaciones - ERROR - Stacktrace completo:
Traceback (most recent call last):
  File "/home/runner/ReminderTracker/routes/notificaciones.py", line 40, in generate
    query_base = RegistroLlamada.query.join(
                 ^^^^^^^^^^^^^^^^^^^^^
  File "/home/runner/ReminderTracker/.pythonlibs/lib/python3.11/site-packages/flask_sqlalchemy/model.py", line 23, in __get__
    cls, session=cls.__fsa__.session()  # type: ignore[arg-type]
                 ^^^^^^^^^^^^^^^^^^^^^
  File "/home/runner/ReminderTracker/.pythonlibs/lib/python3.11/site-packages/sqlalchemy/orm/scoping.py", line 220, in __call__
    sess = self.registry()
           ^^^^^^^^^^^^^^^
  File "/home/runner/ReminderTracker/.pythonlibs/lib/python3.11/site-packages/sqlalchemy/util/_collections.py", line 632, in __call__
    key = self.scopefunc()
          ^^^^^^^^^^^^^^^^
  File "/home/runner/ReminderTracker/.pythonlibs/lib/python3.11/site-packages/flask_sqlalchemy/session.py", line 111, in _app_ctx_id
    return id(app_ctx._get_current_object())  # type: ignore[attr-defined]
              ^^^^^^^^^^^^^^^^^^^^^^^^^^^^^
  File "/home/runner/ReminderTracker/.pythonlibs/lib/python3.11/site-packages/werkzeug/local.py", line 519, in _get_current_object
    raise RuntimeError(unbound_message) from None
RuntimeError: Working outside of application context.

This typically means that you attempted to use functionality that needed
the current application. To solve this, set up an application context
with app.app_context(). See the documentation for more information.
2024-12-28 10:01:53,657 - routes.notificaciones - ERROR - Error en monitor_updates: Working outside of application context.

This typically means that you attempted to use functionality that needed
the current application. To solve this, set up an application context
with app.app_context(). See the documentation for more information.
2024-12-28 10:01:53,657 - routes.notificaciones - ERROR - Stacktrace completo:
Traceback (most recent call last):
  File "/home/runner/ReminderTracker/routes/notificaciones.py", line 40, in generate
    query_base = RegistroLlamada.query.join(
                 ^^^^^^^^^^^^^^^^^^^^^
  File "/home/runner/ReminderTracker/.pythonlibs/lib/python3.11/site-packages/flask_sqlalchemy/model.py", line 23, in __get__
    cls, session=cls.__fsa__.session()  # type: ignore[arg-type]
                 ^^^^^^^^^^^^^^^^^^^^^
  File "/home/runner/ReminderTracker/.pythonlibs/lib/python3.11/site-packages/sqlalchemy/orm/scoping.py", line 220, in __call__
    sess = self.registry()
           ^^^^^^^^^^^^^^^
  File "/home/runner/ReminderTracker/.pythonlibs/lib/python3.11/site-packages/sqlalchemy/util/_collections.py", line 632, in __call__
    key = self.scopefunc()
          ^^^^^^^^^^^^^^^^
  File "/home/runner/ReminderTracker/.pythonlibs/lib/python3.11/site-packages/flask_sqlalchemy/session.py", line 111, in _app_ctx_id
    return id(app_ctx._get_current_object())  # type: ignore[attr-defined]
              ^^^^^^^^^^^^^^^^^^^^^^^^^^^^^
  File "/home/runner/ReminderTracker/.pythonlibs/lib/python3.11/site-packages/werkzeug/local.py", line 519, in _get_current_object
    raise RuntimeError(unbound_message) from None
RuntimeError: Working outside of application context.

This typically means that you attempted to use functionality that needed
the current application. To solve this, set up an application context
with app.app_context(). See the documentation for more information.
2024-12-28 10:01:59,334 - routes.notificaciones - ERROR - Error en monitor_updates: Working outside of application context.

This typically means that you attempted to use functionality that needed
the current application. To solve this, set up an application context
with app.app_context(). See the documentation for more information.
2024-12-28 10:01:59,335 - routes.notificaciones - ERROR - Stacktrace completo:
Traceback (most recent call last):
  File "/home/runner/ReminderTracker/routes/notificaciones.py", line 40, in generate
    query_base = RegistroLlamada.query.join(
                 ^^^^^^^^^^^^^^^^^^^^^
  File "/home/runner/ReminderTracker/.pythonlibs/lib/python3.11/site-packages/flask_sqlalchemy/model.py", line 23, in __get__
    cls, session=cls.__fsa__.session()  # type: ignore[arg-type]
                 ^^^^^^^^^^^^^^^^^^^^^
  File "/home/runner/ReminderTracker/.pythonlibs/lib/python3.11/site-packages/sqlalchemy/orm/scoping.py", line 220, in __call__
    sess = self.registry()
           ^^^^^^^^^^^^^^^
  File "/home/runner/ReminderTracker/.pythonlibs/lib/python3.11/site-packages/sqlalchemy/util/_collections.py", line 632, in __call__
    key = self.scopefunc()
          ^^^^^^^^^^^^^^^^
  File "/home/runner/ReminderTracker/.pythonlibs/lib/python3.11/site-packages/flask_sqlalchemy/session.py", line 111, in _app_ctx_id
    return id(app_ctx._get_current_object())  # type: ignore[attr-defined]
              ^^^^^^^^^^^^^^^^^^^^^^^^^^^^^
  File "/home/runner/ReminderTracker/.pythonlibs/lib/python3.11/site-packages/werkzeug/local.py", line 519, in _get_current_object
    raise RuntimeError(unbound_message) from None
RuntimeError: Working outside of application context.

This typically means that you attempted to use functionality that needed
the current application. To solve this, set up an application context
with app.app_context(). See the documentation for more information.
2024-12-28 10:02:05,164 - routes.notificaciones - ERROR - Error en monitor_updates: Working outside of application context.

This typically means that you attempted to use functionality that needed
the current application. To solve this, set up an application context
with app.app_context(). See the documentation for more information.
2024-12-28 10:02:05,165 - routes.notificaciones - ERROR - Stacktrace completo:
Traceback (most recent call last):
  File "/home/runner/ReminderTracker/routes/notificaciones.py", line 40, in generate
    query_base = RegistroLlamada.query.join(
                 ^^^^^^^^^^^^^^^^^^^^^
  File "/home/runner/ReminderTracker/.pythonlibs/lib/python3.11/site-packages/flask_sqlalchemy/model.py", line 23, in __get__
    cls, session=cls.__fsa__.session()  # type: ignore[arg-type]
                 ^^^^^^^^^^^^^^^^^^^^^
  File "/home/runner/ReminderTracker/.pythonlibs/lib/python3.11/site-packages/sqlalchemy/orm/scoping.py", line 220, in __call__
    sess = self.registry()
           ^^^^^^^^^^^^^^^
  File "/home/runner/ReminderTracker/.pythonlibs/lib/python3.11/site-packages/sqlalchemy/util/_collections.py", line 632, in __call__
    key = self.scopefunc()
          ^^^^^^^^^^^^^^^^
  File "/home/runner/ReminderTracker/.pythonlibs/lib/python3.11/site-packages/flask_sqlalchemy/session.py", line 111, in _app_ctx_id
    return id(app_ctx._get_current_object())  # type: ignore[attr-defined]
              ^^^^^^^^^^^^^^^^^^^^^^^^^^^^^
  File "/home/runner/ReminderTracker/.pythonlibs/lib/python3.11/site-packages/werkzeug/local.py", line 519, in _get_current_object
    raise RuntimeError(unbound_message) from None
RuntimeError: Working outside of application context.

This typically means that you attempted to use functionality that needed
the current application. To solve this, set up an application context
with app.app_context(). See the documentation for more information.
2024-12-28 10:02:10,763 - routes.notificaciones - ERROR - Error en monitor_updates: Working outside of application context.

This typically means that you attempted to use functionality that needed
the current application. To solve this, set up an application context
with app.app_context(). See the documentation for more information.
2024-12-28 10:02:10,764 - routes.notificaciones - ERROR - Stacktrace completo:
Traceback (most recent call last):
  File "/home/runner/ReminderTracker/routes/notificaciones.py", line 40, in generate
    query_base = RegistroLlamada.query.join(
                 ^^^^^^^^^^^^^^^^^^^^^
  File "/home/runner/ReminderTracker/.pythonlibs/lib/python3.11/site-packages/flask_sqlalchemy/model.py", line 23, in __get__
    cls, session=cls.__fsa__.session()  # type: ignore[arg-type]
                 ^^^^^^^^^^^^^^^^^^^^^
  File "/home/runner/ReminderTracker/.pythonlibs/lib/python3.11/site-packages/sqlalchemy/orm/scoping.py", line 220, in __call__
    sess = self.registry()
           ^^^^^^^^^^^^^^^
  File "/home/runner/ReminderTracker/.pythonlibs/lib/python3.11/site-packages/sqlalchemy/util/_collections.py", line 632, in __call__
    key = self.scopefunc()
          ^^^^^^^^^^^^^^^^
  File "/home/runner/ReminderTracker/.pythonlibs/lib/python3.11/site-packages/flask_sqlalchemy/session.py", line 111, in _app_ctx_id
    return id(app_ctx._get_current_object())  # type: ignore[attr-defined]
              ^^^^^^^^^^^^^^^^^^^^^^^^^^^^^
  File "/home/runner/ReminderTracker/.pythonlibs/lib/python3.11/site-packages/werkzeug/local.py", line 519, in _get_current_object
    raise RuntimeError(unbound_message) from None
RuntimeError: Working outside of application context.

This typically means that you attempted to use functionality that needed
the current application. To solve this, set up an application context
with app.app_context(). See the documentation for more information.
2024-12-28 10:02:16,353 - routes.notificaciones - ERROR - Error en monitor_updates: Working outside of application context.

This typically means that you attempted to use functionality that needed
the current application. To solve this, set up an application context
with app.app_context(). See the documentation for more information.
2024-12-28 10:02:16,354 - routes.notificaciones - ERROR - Stacktrace completo:
Traceback (most recent call last):
  File "/home/runner/ReminderTracker/routes/notificaciones.py", line 40, in generate
    query_base = RegistroLlamada.query.join(
                 ^^^^^^^^^^^^^^^^^^^^^
  File "/home/runner/ReminderTracker/.pythonlibs/lib/python3.11/site-packages/flask_sqlalchemy/model.py", line 23, in __get__
    cls, session=cls.__fsa__.session()  # type: ignore[arg-type]
                 ^^^^^^^^^^^^^^^^^^^^^
  File "/home/runner/ReminderTracker/.pythonlibs/lib/python3.11/site-packages/sqlalchemy/orm/scoping.py", line 220, in __call__
    sess = self.registry()
           ^^^^^^^^^^^^^^^
  File "/home/runner/ReminderTracker/.pythonlibs/lib/python3.11/site-packages/sqlalchemy/util/_collections.py", line 632, in __call__
    key = self.scopefunc()
          ^^^^^^^^^^^^^^^^
  File "/home/runner/ReminderTracker/.pythonlibs/lib/python3.11/site-packages/flask_sqlalchemy/session.py", line 111, in _app_ctx_id
    return id(app_ctx._get_current_object())  # type: ignore[attr-defined]
              ^^^^^^^^^^^^^^^^^^^^^^^^^^^^^
  File "/home/runner/ReminderTracker/.pythonlibs/lib/python3.11/site-packages/werkzeug/local.py", line 519, in _get_current_object
    raise RuntimeError(unbound_message) from None
RuntimeError: Working outside of application context.

This typically means that you attempted to use functionality that needed
the current application. To solve this, set up an application context
with app.app_context(). See the documentation for more information.
2024-12-28 10:02:21,945 - routes.notificaciones - ERROR - Error en monitor_updates: Working outside of application context.

This typically means that you attempted to use functionality that needed
the current application. To solve this, set up an application context
with app.app_context(). See the documentation for more information.
2024-12-28 10:02:21,947 - routes.notificaciones - ERROR - Stacktrace completo:
Traceback (most recent call last):
  File "/home/runner/ReminderTracker/routes/notificaciones.py", line 40, in generate
    query_base = RegistroLlamada.query.join(
                 ^^^^^^^^^^^^^^^^^^^^^
  File "/home/runner/ReminderTracker/.pythonlibs/lib/python3.11/site-packages/flask_sqlalchemy/model.py", line 23, in __get__
    cls, session=cls.__fsa__.session()  # type: ignore[arg-type]
                 ^^^^^^^^^^^^^^^^^^^^^
  File "/home/runner/ReminderTracker/.pythonlibs/lib/python3.11/site-packages/sqlalchemy/orm/scoping.py", line 220, in __call__
    sess = self.registry()
           ^^^^^^^^^^^^^^^
  File "/home/runner/ReminderTracker/.pythonlibs/lib/python3.11/site-packages/sqlalchemy/util/_collections.py", line 632, in __call__
    key = self.scopefunc()
          ^^^^^^^^^^^^^^^^
  File "/home/runner/ReminderTracker/.pythonlibs/lib/python3.11/site-packages/flask_sqlalchemy/session.py", line 111, in _app_ctx_id
    return id(app_ctx._get_current_object())  # type: ignore[attr-defined]
              ^^^^^^^^^^^^^^^^^^^^^^^^^^^^^
  File "/home/runner/ReminderTracker/.pythonlibs/lib/python3.11/site-packages/werkzeug/local.py", line 519, in _get_current_object
    raise RuntimeError(unbound_message) from None
RuntimeError: Working outside of application context.

This typically means that you attempted to use functionality that needed
the current application. To solve this, set up an application context
with app.app_context(). See the documentation for more information.
2024-12-28 10:02:27,531 - routes.notificaciones - ERROR - Error en monitor_updates: Working outside of application context.

This typically means that you attempted to use functionality that needed
the current application. To solve this, set up an application context
with app.app_context(). See the documentation for more information.
2024-12-28 10:02:27,532 - routes.notificaciones - ERROR - Stacktrace completo:
Traceback (most recent call last):
  File "/home/runner/ReminderTracker/routes/notificaciones.py", line 40, in generate
    query_base = RegistroLlamada.query.join(
                 ^^^^^^^^^^^^^^^^^^^^^
  File "/home/runner/ReminderTracker/.pythonlibs/lib/python3.11/site-packages/flask_sqlalchemy/model.py", line 23, in __get__
    cls, session=cls.__fsa__.session()  # type: ignore[arg-type]
                 ^^^^^^^^^^^^^^^^^^^^^
  File "/home/runner/ReminderTracker/.pythonlibs/lib/python3.11/site-packages/sqlalchemy/orm/scoping.py", line 220, in __call__
    sess = self.registry()
           ^^^^^^^^^^^^^^^
  File "/home/runner/ReminderTracker/.pythonlibs/lib/python3.11/site-packages/sqlalchemy/util/_collections.py", line 632, in __call__
    key = self.scopefunc()
          ^^^^^^^^^^^^^^^^
  File "/home/runner/ReminderTracker/.pythonlibs/lib/python3.11/site-packages/flask_sqlalchemy/session.py", line 111, in _app_ctx_id
    return id(app_ctx._get_current_object())  # type: ignore[attr-defined]
              ^^^^^^^^^^^^^^^^^^^^^^^^^^^^^
  File "/home/runner/ReminderTracker/.pythonlibs/lib/python3.11/site-packages/werkzeug/local.py", line 519, in _get_current_object
    raise RuntimeError(unbound_message) from None
RuntimeError: Working outside of application context.

This typically means that you attempted to use functionality that needed
the current application. To solve this, set up an application context
with app.app_context(). See the documentation for more information.
2024-12-28 10:02:33,203 - routes.notificaciones - ERROR - Error en monitor_updates: Working outside of application context.

This typically means that you attempted to use functionality that needed
the current application. To solve this, set up an application context
with app.app_context(). See the documentation for more information.
2024-12-28 10:02:33,212 - routes.notificaciones - ERROR - Stacktrace completo:
Traceback (most recent call last):
  File "/home/runner/ReminderTracker/routes/notificaciones.py", line 40, in generate
    query_base = RegistroLlamada.query.join(
                 ^^^^^^^^^^^^^^^^^^^^^
  File "/home/runner/ReminderTracker/.pythonlibs/lib/python3.11/site-packages/flask_sqlalchemy/model.py", line 23, in __get__
    cls, session=cls.__fsa__.session()  # type: ignore[arg-type]
                 ^^^^^^^^^^^^^^^^^^^^^
  File "/home/runner/ReminderTracker/.pythonlibs/lib/python3.11/site-packages/sqlalchemy/orm/scoping.py", line 220, in __call__
    sess = self.registry()
           ^^^^^^^^^^^^^^^
  File "/home/runner/ReminderTracker/.pythonlibs/lib/python3.11/site-packages/sqlalchemy/util/_collections.py", line 632, in __call__
    key = self.scopefunc()
          ^^^^^^^^^^^^^^^^
  File "/home/runner/ReminderTracker/.pythonlibs/lib/python3.11/site-packages/flask_sqlalchemy/session.py", line 111, in _app_ctx_id
    return id(app_ctx._get_current_object())  # type: ignore[attr-defined]
              ^^^^^^^^^^^^^^^^^^^^^^^^^^^^^
  File "/home/runner/ReminderTracker/.pythonlibs/lib/python3.11/site-packages/werkzeug/local.py", line 519, in _get_current_object
    raise RuntimeError(unbound_message) from None
RuntimeError: Working outside of application context.

This typically means that you attempted to use functionality that needed
the current application. To solve this, set up an application context
with app.app_context(). See the documentation for more information.
2024-12-28 10:02:38,799 - routes.notificaciones - ERROR - Error en monitor_updates: Working outside of application context.

This typically means that you attempted to use functionality that needed
the current application. To solve this, set up an application context
with app.app_context(). See the documentation for more information.
2024-12-28 10:02:38,799 - routes.notificaciones - ERROR - Stacktrace completo:
Traceback (most recent call last):
  File "/home/runner/ReminderTracker/routes/notificaciones.py", line 40, in generate
    query_base = RegistroLlamada.query.join(
                 ^^^^^^^^^^^^^^^^^^^^^
  File "/home/runner/ReminderTracker/.pythonlibs/lib/python3.11/site-packages/flask_sqlalchemy/model.py", line 23, in __get__
    cls, session=cls.__fsa__.session()  # type: ignore[arg-type]
                 ^^^^^^^^^^^^^^^^^^^^^
  File "/home/runner/ReminderTracker/.pythonlibs/lib/python3.11/site-packages/sqlalchemy/orm/scoping.py", line 220, in __call__
    sess = self.registry()
           ^^^^^^^^^^^^^^^
  File "/home/runner/ReminderTracker/.pythonlibs/lib/python3.11/site-packages/sqlalchemy/util/_collections.py", line 632, in __call__
    key = self.scopefunc()
          ^^^^^^^^^^^^^^^^
  File "/home/runner/ReminderTracker/.pythonlibs/lib/python3.11/site-packages/flask_sqlalchemy/session.py", line 111, in _app_ctx_id
    return id(app_ctx._get_current_object())  # type: ignore[attr-defined]
              ^^^^^^^^^^^^^^^^^^^^^^^^^^^^^
  File "/home/runner/ReminderTracker/.pythonlibs/lib/python3.11/site-packages/werkzeug/local.py", line 519, in _get_current_object
    raise RuntimeError(unbound_message) from None
RuntimeError: Working outside of application context.

This typically means that you attempted to use functionality that needed
the current application. To solve this, set up an application context
with app.app_context(). See the documentation for more information.
2024-12-28 10:02:44,404 - routes.notificaciones - ERROR - Error en monitor_updates: Working outside of application context.

This typically means that you attempted to use functionality that needed
the current application. To solve this, set up an application context
with app.app_context(). See the documentation for more information.
2024-12-28 10:02:44,405 - routes.notificaciones - ERROR - Stacktrace completo:
Traceback (most recent call last):
  File "/home/runner/ReminderTracker/routes/notificaciones.py", line 40, in generate
    query_base = RegistroLlamada.query.join(
                 ^^^^^^^^^^^^^^^^^^^^^
  File "/home/runner/ReminderTracker/.pythonlibs/lib/python3.11/site-packages/flask_sqlalchemy/model.py", line 23, in __get__
    cls, session=cls.__fsa__.session()  # type: ignore[arg-type]
                 ^^^^^^^^^^^^^^^^^^^^^
  File "/home/runner/ReminderTracker/.pythonlibs/lib/python3.11/site-packages/sqlalchemy/orm/scoping.py", line 220, in __call__
    sess = self.registry()
           ^^^^^^^^^^^^^^^
  File "/home/runner/ReminderTracker/.pythonlibs/lib/python3.11/site-packages/sqlalchemy/util/_collections.py", line 632, in __call__
    key = self.scopefunc()
          ^^^^^^^^^^^^^^^^
  File "/home/runner/ReminderTracker/.pythonlibs/lib/python3.11/site-packages/flask_sqlalchemy/session.py", line 111, in _app_ctx_id
    return id(app_ctx._get_current_object())  # type: ignore[attr-defined]
              ^^^^^^^^^^^^^^^^^^^^^^^^^^^^^
  File "/home/runner/ReminderTracker/.pythonlibs/lib/python3.11/site-packages/werkzeug/local.py", line 519, in _get_current_object
    raise RuntimeError(unbound_message) from None
RuntimeError: Working outside of application context.

This typically means that you attempted to use functionality that needed
the current application. To solve this, set up an application context
with app.app_context(). See the documentation for more information.
